<?xml version="1.0" encoding="UTF-8"?>
<testsuite name="TokenizerTest" tests="3" skipped="0" failures="0" errors="0" timestamp="2022-11-28T17:49:56" hostname="DESKTOP-PGSQNV5" time="0.023">
  <properties/>
  <testcase name="testOperation()" classname="TokenizerTest" time="0.016"/>
  <testcase name="testBraces()" classname="TokenizerTest" time="0.003"/>
  <testcase name="testNumber()" classname="TokenizerTest" time="0.003"/>
  <system-out><![CDATA[]]></system-out>
  <system-err><![CDATA[]]></system-err>
</testsuite>
